<?xml version="1.0" encoding="UTF-8"?>
<!-- Generated by org.testng.reporters.JUnitXMLReporter -->
<testsuite ignored="0" hostname="DESKTOP-7AS8OBO" failures="0" tests="4" name="Default test" time="0.219" errors="0" timestamp="2022-07-26T23:55:11 GMT-04:00">
  <testcase classname="DCTCFeb.TestMavenFeb.Hierarchy_of_annotations" name="Test2" time="0.01"/>
  <testcase classname="DCTCFeb.TestMavenFeb.Hierarchy_of_annotations" name="Test1" time="0.005"/>
  <testcase classname="DCTCFeb.TestMavenFeb.Hierarchy_of_annotations" name="Test1" time="0.003"/>
  <testcase classname="DCTCFeb.TestMavenFeb.Hierarchy_of_annotations" name="Test3" time="0.004"/>
</testsuite> <!-- Default test -->
