<?xml version="1.0" encoding="UTF-8"?>
<!-- Generated by org.testng.reporters.JUnitXMLReporter -->
<testsuite ignored="0" hostname="DESKTOP-7AS8OBO" failures="0" tests="4" name="Test1" time="36.44" errors="0" timestamp="2022-07-20T10:38:33 GMT-04:00">
  <testcase classname="parallel_testing.Parallel_testing" name="test3" time="0.017"/>
  <testcase classname="parallel_testing.Parallel_testing" name="test4" time="0.02"/>
  <testcase classname="parallel_testing.Parallel_testing" name="test2" time="35.422"/>
  <testcase classname="parallel_testing.Parallel_testing" name="test1" time="36.382"/>
</testsuite> <!-- Test1 -->
